<?xml version="1.0" encoding="UTF-8"?>
<!-- Generated by org.testng.reporters.JUnitXMLReporter -->
<testsuite hostname="DML-EKHAN1" ignored="6" name="Mobile Automation Suite" tests="4" failures="0" timestamp="21 Dec 2017 02:20:06 GMT" time="118.918" errors="0">
  <testcase name="testVerifyHomePage1" time="2.733" classname="com.mobile.framework.testCases.TestCase_HomePage"/>
  <testcase name="testVerifyserviceAndSolutionsPage" time="7.269" classname="com.mobile.framework.testCases.TestServiceAndSolutionsPage"/>
  <testcase name="testVerifyTrainingPage" time="11.72" classname="com.mobile.framework.testCases.TestCase_TrainingPage"/>
  <testcase name="testCaseSearch" time="15.169" classname="com.mobile.framework.testCases.TestSearchPage"/>
  <testcase name="@AfterSuite closeConfiguration" time="0.0" classname="com.mobile.framework.utility.CommonApi">
    <ignored/>
  </testcase> <!-- @AfterSuite closeConfiguration -->
  <testcase name="@AfterSuite closeConfiguration" time="0.0" classname="com.mobile.framework.utility.CommonApi">
    <ignored/>
  </testcase> <!-- @AfterSuite closeConfiguration -->
  <testcase name="@AfterSuite closeConfiguration" time="0.0" classname="com.mobile.framework.utility.CommonApi">
    <ignored/>
  </testcase> <!-- @AfterSuite closeConfiguration -->
  <testcase name="@BeforeSuite csvConfiguration" time="0.0" classname="com.mobile.framework.utility.CommonApi">
    <ignored/>
  </testcase> <!-- @BeforeSuite csvConfiguration -->
  <testcase name="@BeforeSuite csvConfiguration" time="0.0" classname="com.mobile.framework.utility.CommonApi">
    <ignored/>
  </testcase> <!-- @BeforeSuite csvConfiguration -->
  <testcase name="@BeforeSuite csvConfiguration" time="0.0" classname="com.mobile.framework.utility.CommonApi">
    <ignored/>
  </testcase> <!-- @BeforeSuite csvConfiguration -->
</testsuite> <!-- Mobile Automation Suite -->
